Using pre-set license
Built from '2021.1/staging' branch; Version is '2021.1.3f1 (4bef613afd59) revision 4976481'; Using compiler version '192528614'; Build Type 'Release'
OS: 'Windows 10 Enterprise; OS build 19044.2006; Version 2009; 64bit' Language: 'pt' Physical Memory: 16096 MB
BatchMode: 1, IsHumanControllingUs: 0, StartBugReporterOnCrash: 0, Is64bit: 1, IsPro: 0

 COMMAND LINE ARGUMENTS:
C:\Program Files\Unity 2021.1.3f1\Editor\Unity.exe
-adb2
-batchMode
-noUpm
-name
AssetImportWorker0
-projectPath
C:/Users/art0042248/Downloads/Labor-Forum-main(1)/Labor-Forum-main/Labor-Forum-main/Labor Forum
-logFile
Logs/AssetImportWorker0.log
-srvPort
64287
Successfully changed project path to: C:/Users/art0042248/Downloads/Labor-Forum-main(1)/Labor-Forum-main/Labor-Forum-main/Labor Forum
C:/Users/art0042248/Downloads/Labor-Forum-main(1)/Labor-Forum-main/Labor-Forum-main/Labor Forum
Using Asset Import Pipeline V2.
Refreshing native plugins compatible for Editor in 87.49 ms, found 3 plugins.
Preloading 0 native plugins for Editor in 0.00 ms.
Initialize engine version: 2021.1.3f1 (4bef613afd59)
[Subsystems] Discovering subsystems at path C:/Program Files/Unity 2021.1.3f1/Editor/Data/Resources/UnitySubsystems
[Subsystems] Discovering subsystems at path C:/Users/art0042248/Downloads/Labor-Forum-main(1)/Labor-Forum-main/Labor-Forum-main/Labor Forum/Assets
GfxDevice: creating device client; threaded=0; jobified=0
Direct3D:
    Version:  Direct3D 11.0 [level 11.1]
    Renderer: Radeon RX 550X (ID=0x699f)
    Vendor:   ATI
    VRAM:     4041 MB
    Driver:   27.20.14540.14002
Initialize mono
Mono path[0] = 'C:/Program Files/Unity 2021.1.3f1/Editor/Data/Managed'
Mono path[1] = 'C:/Program Files/Unity 2021.1.3f1/Editor/Data/MonoBleedingEdge/lib/mono/unityjit'
Mono config path = 'C:/Program Files/Unity 2021.1.3f1/Editor/Data/MonoBleedingEdge/etc'
Using monoOptions --debugger-agent=transport=dt_socket,embedding=1,server=y,suspend=n,address=127.0.0.1:56080
Begin MonoManager ReloadAssembly
Registering precompiled unity dll's ...
Register platform support module: C:/Program Files/Unity 2021.1.3f1/Editor/Data/PlaybackEngines/WindowsStandaloneSupport/UnityEditor.WindowsStandalone.Extensions.dll
Registered in 0.002559 seconds.
Native extension for WindowsStandalone target not found
Refreshing native plugins compatible for Editor in 39.08 ms, found 3 plugins.
Preloading 0 native plugins for Editor in 0.00 ms.
Mono: successfully reloaded assembly
- Completed reload, in  1.082 seconds
Platform modules already initialized, skipping
Registering precompiled user dll's ...
Registered in 0.010327 seconds.
Begin MonoManager ReloadAssembly
Native extension for WindowsStandalone target not found
Refreshing native plugins compatible for Editor in 37.91 ms, found 3 plugins.
Preloading 0 native plugins for Editor in 0.00 ms.
Mono: successfully reloaded assembly
- Completed reload, in  1.202 seconds
Platform modules already initialized, skipping
========================================================================
Worker process is ready to serve import requests
Launched and connected shader compiler UnityShaderCompiler.exe after 0.08 seconds
Refreshing native plugins compatible for Editor in 0.45 ms, found 3 plugins.
Preloading 0 native plugins for Editor in 0.00 ms.
Unloading 2379 Unused Serialized files (Serialized files now loaded: 0)
System memory in use before: 104.4 MB.
System memory in use after: 104.6 MB.

Unloading 30 unused Assets to reduce memory usage. Loaded Objects now: 2830.
Total: 4.511500 ms (FindLiveObjects: 0.461700 ms CreateObjectMapping: 0.352200 ms MarkObjects: 3.620900 ms  DeleteObjects: 0.074900 ms)

========================================================================
Received Import Request.
  path: Assets/Scripts/GameController.cs
  artifactKey: Guid(b547afea5bb6424418d80601fe28cecc) Importer(815301076,1909f56bfc062723c751e8b465ee728b)
Start importing Assets/Scripts/GameController.cs using Guid(b547afea5bb6424418d80601fe28cecc) Importer(815301076,1909f56bfc062723c751e8b465ee728b)  -> (artifact id: '060d7001abe007b81367c1dc99f297d5') in 0.075235 seconds 
========================================================================
Received Prepare
Registering precompiled user dll's ...
Registered in 0.009935 seconds.
Begin MonoManager ReloadAssembly
Native extension for WindowsStandalone target not found
Refreshing native plugins compatible for Editor in 0.67 ms, found 3 plugins.
Preloading 0 native plugins for Editor in 0.00 ms.
Mono: successfully reloaded assembly
- Completed reload, in  1.023 seconds
Platform modules already initialized, skipping
Refreshing native plugins compatible for Editor in 0.48 ms, found 3 plugins.
Preloading 0 native plugins for Editor in 0.00 ms.
Unloading 2367 Unused Serialized files (Serialized files now loaded: 0)
System memory in use before: 103.8 MB.
System memory in use after: 104.0 MB.

Unloading 18 unused Assets to reduce memory usage. Loaded Objects now: 2833.
Total: 3.169400 ms (FindLiveObjects: 0.421100 ms CreateObjectMapping: 0.269200 ms MarkObjects: 2.463700 ms  DeleteObjects: 0.013100 ms)

========================================================================
Received Import Request.
  Time since last request: 167.841457 seconds.
  path: Assets/Scripts/GameController.cs
  artifactKey: Guid(b547afea5bb6424418d80601fe28cecc) Importer(815301076,1909f56bfc062723c751e8b465ee728b)
Start importing Assets/Scripts/GameController.cs using Guid(b547afea5bb6424418d80601fe28cecc) Importer(815301076,1909f56bfc062723c751e8b465ee728b)  -> (artifact id: '723a2ce0ec1373236772998af98bb39a') in 0.015914 seconds 
========================================================================
Received Prepare
Registering precompiled user dll's ...
Registered in 0.009696 seconds.
Begin MonoManager ReloadAssembly
Native extension for WindowsStandalone target not found
Refreshing native plugins compatible for Editor in 0.46 ms, found 3 plugins.
Preloading 0 native plugins for Editor in 0.00 ms.
Mono: successfully reloaded assembly
- Completed reload, in  1.009 seconds
Platform modules already initialized, skipping
Refreshing native plugins compatible for Editor in 0.44 ms, found 3 plugins.
Preloading 0 native plugins for Editor in 0.00 ms.
Unloading 2367 Unused Serialized files (Serialized files now loaded: 0)
System memory in use before: 103.8 MB.
System memory in use after: 104.1 MB.

Unloading 18 unused Assets to reduce memory usage. Loaded Objects now: 2836.
Total: 3.090400 ms (FindLiveObjects: 0.469200 ms CreateObjectMapping: 0.359300 ms MarkObjects: 2.245200 ms  DeleteObjects: 0.015200 ms)

========================================================================
Received Import Request.
  Time since last request: 159.718017 seconds.
  path: Assets/Scripts/GameController.cs
  artifactKey: Guid(b547afea5bb6424418d80601fe28cecc) Importer(815301076,1909f56bfc062723c751e8b465ee728b)
Start importing Assets/Scripts/GameController.cs using Guid(b547afea5bb6424418d80601fe28cecc) Importer(815301076,1909f56bfc062723c751e8b465ee728b)  -> (artifact id: '19989da7cc72d55e635c5fe5aaf55063') in 0.014775 seconds 
========================================================================
Received Prepare
Registering precompiled user dll's ...
Registered in 0.009893 seconds.
Begin MonoManager ReloadAssembly
Native extension for WindowsStandalone target not found
Refreshing native plugins compatible for Editor in 0.52 ms, found 3 plugins.
Preloading 0 native plugins for Editor in 0.00 ms.
Mono: successfully reloaded assembly
- Completed reload, in  1.011 seconds
Platform modules already initialized, skipping
Refreshing native plugins compatible for Editor in 0.46 ms, found 3 plugins.
Preloading 0 native plugins for Editor in 0.00 ms.
Unloading 2367 Unused Serialized files (Serialized files now loaded: 0)
System memory in use before: 103.9 MB.
System memory in use after: 104.1 MB.

Unloading 18 unused Assets to reduce memory usage. Loaded Objects now: 2839.
Total: 2.804400 ms (FindLiveObjects: 0.434900 ms CreateObjectMapping: 0.304900 ms MarkObjects: 2.051500 ms  DeleteObjects: 0.011700 ms)

========================================================================
Received Import Request.
  Time since last request: 87.102370 seconds.
  path: Assets/Scripts/GameController.cs
  artifactKey: Guid(b547afea5bb6424418d80601fe28cecc) Importer(815301076,1909f56bfc062723c751e8b465ee728b)
Start importing Assets/Scripts/GameController.cs using Guid(b547afea5bb6424418d80601fe28cecc) Importer(815301076,1909f56bfc062723c751e8b465ee728b)  -> (artifact id: '73373bf35c0a7e2ea44b920b66e6c68b') in 0.014478 seconds 
========================================================================
Received Prepare
Registering precompiled user dll's ...
Registered in 0.010483 seconds.
Begin MonoManager ReloadAssembly
Native extension for WindowsStandalone target not found
Refreshing native plugins compatible for Editor in 0.45 ms, found 3 plugins.
Preloading 0 native plugins for Editor in 0.00 ms.
Mono: successfully reloaded assembly
- Completed reload, in  1.006 seconds
Platform modules already initialized, skipping
Refreshing native plugins compatible for Editor in 0.45 ms, found 3 plugins.
Preloading 0 native plugins for Editor in 0.00 ms.
Unloading 2367 Unused Serialized files (Serialized files now loaded: 0)
System memory in use before: 103.9 MB.
System memory in use after: 104.1 MB.

Unloading 18 unused Assets to reduce memory usage. Loaded Objects now: 2842.
Total: 3.783500 ms (FindLiveObjects: 0.398400 ms CreateObjectMapping: 0.278900 ms MarkObjects: 3.092900 ms  DeleteObjects: 0.011600 ms)

========================================================================
Received Import Request.
  Time since last request: 74.094593 seconds.
  path: Assets/Scripts/GameController.cs
  artifactKey: Guid(b547afea5bb6424418d80601fe28cecc) Importer(815301076,1909f56bfc062723c751e8b465ee728b)
Start importing Assets/Scripts/GameController.cs using Guid(b547afea5bb6424418d80601fe28cecc) Importer(815301076,1909f56bfc062723c751e8b465ee728b)  -> (artifact id: '432bd63c82afd3a193c13d08763524f8') in 0.013704 seconds 
========================================================================
Received Prepare
Registering precompiled user dll's ...
Registered in 0.009072 seconds.
Begin MonoManager ReloadAssembly
Native extension for WindowsStandalone target not found
Refreshing native plugins compatible for Editor in 0.49 ms, found 3 plugins.
Preloading 0 native plugins for Editor in 0.00 ms.
Mono: successfully reloaded assembly
- Completed reload, in  1.023 seconds
Platform modules already initialized, skipping
Refreshing native plugins compatible for Editor in 0.47 ms, found 3 plugins.
Preloading 0 native plugins for Editor in 0.00 ms.
Unloading 2367 Unused Serialized files (Serialized files now loaded: 0)
System memory in use before: 103.8 MB.
System memory in use after: 104.0 MB.

Unloading 18 unused Assets to reduce memory usage. Loaded Objects now: 2845.
Total: 2.773400 ms (FindLiveObjects: 0.548300 ms CreateObjectMapping: 0.172700 ms MarkObjects: 2.037300 ms  DeleteObjects: 0.014000 ms)

========================================================================
Received Prepare
Registering precompiled user dll's ...
Registered in 0.008539 seconds.
Begin MonoManager ReloadAssembly
Native extension for WindowsStandalone target not found
Refreshing native plugins compatible for Editor in 0.45 ms, found 3 plugins.
Preloading 0 native plugins for Editor in 0.00 ms.
Mono: successfully reloaded assembly
- Completed reload, in  0.977 seconds
Platform modules already initialized, skipping
Refreshing native plugins compatible for Editor in 0.47 ms, found 3 plugins.
Preloading 0 native plugins for Editor in 0.00 ms.
Unloading 2367 Unused Serialized files (Serialized files now loaded: 0)
System memory in use before: 103.9 MB.
System memory in use after: 104.1 MB.

Unloading 18 unused Assets to reduce memory usage. Loaded Objects now: 2848.
Total: 2.508700 ms (FindLiveObjects: 0.175200 ms CreateObjectMapping: 0.097400 ms MarkObjects: 2.183700 ms  DeleteObjects: 0.051600 ms)

========================================================================
Received Prepare
Registering precompiled user dll's ...
Registered in 0.007915 seconds.
Begin MonoManager ReloadAssembly
Native extension for WindowsStandalone target not found
Refreshing native plugins compatible for Editor in 0.83 ms, found 3 plugins.
Preloading 0 native plugins for Editor in 0.00 ms.
Mono: successfully reloaded assembly
- Completed reload, in  0.932 seconds
Platform modules already initialized, skipping
Refreshing native plugins compatible for Editor in 0.47 ms, found 3 plugins.
Preloading 0 native plugins for Editor in 0.00 ms.
Unloading 2367 Unused Serialized files (Serialized files now loaded: 0)
System memory in use before: 103.9 MB.
System memory in use after: 104.1 MB.

Unloading 18 unused Assets to reduce memory usage. Loaded Objects now: 2851.
Total: 2.026200 ms (FindLiveObjects: 0.182700 ms CreateObjectMapping: 0.089800 ms MarkObjects: 1.741700 ms  DeleteObjects: 0.011100 ms)

========================================================================
Received Import Request.
  Time since last request: 64.199187 seconds.
  path: Assets/Scripts/GameController.cs
  artifactKey: Guid(b547afea5bb6424418d80601fe28cecc) Importer(815301076,1909f56bfc062723c751e8b465ee728b)
Start importing Assets/Scripts/GameController.cs using Guid(b547afea5bb6424418d80601fe28cecc) Importer(815301076,1909f56bfc062723c751e8b465ee728b)  -> (artifact id: '0482f07708c4052c7d210bc59b9fab08') in 0.011499 seconds 
========================================================================
Received Prepare
Registering precompiled user dll's ...
Registered in 0.008297 seconds.
Begin MonoManager ReloadAssembly
Native extension for WindowsStandalone target not found
Refreshing native plugins compatible for Editor in 0.55 ms, found 3 plugins.
Preloading 0 native plugins for Editor in 0.00 ms.
Mono: successfully reloaded assembly
- Completed reload, in  0.925 seconds
Platform modules already initialized, skipping
Refreshing native plugins compatible for Editor in 0.50 ms, found 3 plugins.
Preloading 0 native plugins for Editor in 0.00 ms.
Unloading 2367 Unused Serialized files (Serialized files now loaded: 0)
System memory in use before: 103.9 MB.
System memory in use after: 104.1 MB.

Unloading 18 unused Assets to reduce memory usage. Loaded Objects now: 2854.
Total: 2.364200 ms (FindLiveObjects: 0.219100 ms CreateObjectMapping: 0.099900 ms MarkObjects: 2.031800 ms  DeleteObjects: 0.012800 ms)

========================================================================
Received Import Request.
  Time since last request: 49.018505 seconds.
  path: Assets/Scripts/GameController.cs
  artifactKey: Guid(b547afea5bb6424418d80601fe28cecc) Importer(815301076,1909f56bfc062723c751e8b465ee728b)
Start importing Assets/Scripts/GameController.cs using Guid(b547afea5bb6424418d80601fe28cecc) Importer(815301076,1909f56bfc062723c751e8b465ee728b)  -> (artifact id: '2ef4dc6ec335121d34b1420a28bdb1e9') in 0.012469 seconds 
========================================================================
Received Prepare
Registering precompiled user dll's ...
Registered in 0.009427 seconds.
Begin MonoManager ReloadAssembly
Native extension for WindowsStandalone target not found
Refreshing native plugins compatible for Editor in 0.44 ms, found 3 plugins.
Preloading 0 native plugins for Editor in 0.00 ms.
Mono: successfully reloaded assembly
- Completed reload, in  0.951 seconds
Platform modules already initialized, skipping
Refreshing native plugins compatible for Editor in 0.48 ms, found 3 plugins.
Preloading 0 native plugins for Editor in 0.00 ms.
Unloading 2367 Unused Serialized files (Serialized files now loaded: 0)
System memory in use before: 103.9 MB.
System memory in use after: 104.2 MB.

Unloading 18 unused Assets to reduce memory usage. Loaded Objects now: 2857.
Total: 2.915900 ms (FindLiveObjects: 0.367000 ms CreateObjectMapping: 0.141800 ms MarkObjects: 2.393500 ms  DeleteObjects: 0.012200 ms)

========================================================================
Received Prepare
Registering precompiled user dll's ...
Registered in 0.009257 seconds.
Begin MonoManager ReloadAssembly
Native extension for WindowsStandalone target not found
Refreshing native plugins compatible for Editor in 0.44 ms, found 3 plugins.
Preloading 0 native plugins for Editor in 0.00 ms.
Mono: successfully reloaded assembly
- Completed reload, in  0.960 seconds
Platform modules already initialized, skipping
Refreshing native plugins compatible for Editor in 0.48 ms, found 3 plugins.
Preloading 0 native plugins for Editor in 0.00 ms.
Unloading 2367 Unused Serialized files (Serialized files now loaded: 0)
System memory in use before: 103.8 MB.
System memory in use after: 104.1 MB.

Unloading 18 unused Assets to reduce memory usage. Loaded Objects now: 2860.
Total: 2.428100 ms (FindLiveObjects: 0.394900 ms CreateObjectMapping: 0.091600 ms MarkObjects: 1.928000 ms  DeleteObjects: 0.013100 ms)

========================================================================
Received Prepare
Registering precompiled user dll's ...
Registered in 0.008205 seconds.
Begin MonoManager ReloadAssembly
Native extension for WindowsStandalone target not found
Refreshing native plugins compatible for Editor in 0.46 ms, found 3 plugins.
Preloading 0 native plugins for Editor in 0.00 ms.
Mono: successfully reloaded assembly
- Completed reload, in  0.925 seconds
Platform modules already initialized, skipping
Refreshing native plugins compatible for Editor in 0.39 ms, found 3 plugins.
Preloading 0 native plugins for Editor in 0.00 ms.
Unloading 2367 Unused Serialized files (Serialized files now loaded: 0)
System memory in use before: 103.9 MB.
System memory in use after: 104.2 MB.

Unloading 18 unused Assets to reduce memory usage. Loaded Objects now: 2863.
Total: 2.118200 ms (FindLiveObjects: 0.254200 ms CreateObjectMapping: 0.106100 ms MarkObjects: 1.743900 ms  DeleteObjects: 0.012700 ms)

========================================================================
Received Import Request.
  Time since last request: 44.732399 seconds.
  path: Assets/Scripts/GameController.cs
  artifactKey: Guid(b547afea5bb6424418d80601fe28cecc) Importer(815301076,1909f56bfc062723c751e8b465ee728b)
Start importing Assets/Scripts/GameController.cs using Guid(b547afea5bb6424418d80601fe28cecc) Importer(815301076,1909f56bfc062723c751e8b465ee728b)  -> (artifact id: '06dfda257aaca90f9246d617ad495643') in 0.013960 seconds 
========================================================================
Received Prepare
Registering precompiled user dll's ...
Registered in 0.009241 seconds.
Begin MonoManager ReloadAssembly
Native extension for WindowsStandalone target not found
Refreshing native plugins compatible for Editor in 0.45 ms, found 3 plugins.
Preloading 0 native plugins for Editor in 0.00 ms.
Mono: successfully reloaded assembly
- Completed reload, in  0.962 seconds
Platform modules already initialized, skipping
Refreshing native plugins compatible for Editor in 0.53 ms, found 3 plugins.
Preloading 0 native plugins for Editor in 0.00 ms.
Unloading 2367 Unused Serialized files (Serialized files now loaded: 0)
System memory in use before: 104.0 MB.
System memory in use after: 104.2 MB.

Unloading 18 unused Assets to reduce memory usage. Loaded Objects now: 2866.
Total: 3.630900 ms (FindLiveObjects: 0.359900 ms CreateObjectMapping: 0.100000 ms MarkObjects: 3.113900 ms  DeleteObjects: 0.055900 ms)

========================================================================
Received Prepare
Registering precompiled user dll's ...
Registered in 0.008509 seconds.
Begin MonoManager ReloadAssembly
Native extension for WindowsStandalone target not found
Refreshing native plugins compatible for Editor in 0.46 ms, found 3 plugins.
Preloading 0 native plugins for Editor in 0.00 ms.
Mono: successfully reloaded assembly
- Completed reload, in  0.929 seconds
Platform modules already initialized, skipping
Refreshing native plugins compatible for Editor in 0.49 ms, found 3 plugins.
Preloading 0 native plugins for Editor in 0.00 ms.
Unloading 2367 Unused Serialized files (Serialized files now loaded: 0)
System memory in use before: 104.0 MB.
System memory in use after: 104.2 MB.

Unloading 18 unused Assets to reduce memory usage. Loaded Objects now: 2869.
Total: 2.041100 ms (FindLiveObjects: 0.220200 ms CreateObjectMapping: 0.098200 ms MarkObjects: 1.710800 ms  DeleteObjects: 0.011200 ms)

========================================================================
Received Import Request.
  Time since last request: 45.042061 seconds.
  path: Assets/Scripts/GameController.cs
  artifactKey: Guid(b547afea5bb6424418d80601fe28cecc) Importer(815301076,1909f56bfc062723c751e8b465ee728b)
Start importing Assets/Scripts/GameController.cs using Guid(b547afea5bb6424418d80601fe28cecc) Importer(815301076,1909f56bfc062723c751e8b465ee728b)  -> (artifact id: '416a001878219aa2aead780f77d0b886') in 0.013662 seconds 
========================================================================
Received Prepare
Registering precompiled user dll's ...
Registered in 0.007873 seconds.
Begin MonoManager ReloadAssembly
Native extension for WindowsStandalone target not found
Refreshing native plugins compatible for Editor in 0.54 ms, found 3 plugins.
Preloading 0 native plugins for Editor in 0.00 ms.
Mono: successfully reloaded assembly
- Completed reload, in  0.940 seconds
Platform modules already initialized, skipping
Refreshing native plugins compatible for Editor in 0.40 ms, found 3 plugins.
Preloading 0 native plugins for Editor in 0.00 ms.
Unloading 2367 Unused Serialized files (Serialized files now loaded: 0)
System memory in use before: 104.0 MB.
System memory in use after: 104.3 MB.

Unloading 18 unused Assets to reduce memory usage. Loaded Objects now: 2872.
Total: 2.483300 ms (FindLiveObjects: 0.466100 ms CreateObjectMapping: 0.120400 ms MarkObjects: 1.882200 ms  DeleteObjects: 0.013600 ms)

========================================================================
Received Import Request.
  Time since last request: 22.774612 seconds.
  path: Assets/Scripts/GameController.cs
  artifactKey: Guid(b547afea5bb6424418d80601fe28cecc) Importer(815301076,1909f56bfc062723c751e8b465ee728b)
Start importing Assets/Scripts/GameController.cs using Guid(b547afea5bb6424418d80601fe28cecc) Importer(815301076,1909f56bfc062723c751e8b465ee728b)  -> (artifact id: 'f492a1cbaeb99a7583212b1e122b4ac4') in 0.012263 seconds 
========================================================================
Received Prepare
Registering precompiled user dll's ...
Registered in 0.009729 seconds.
Begin MonoManager ReloadAssembly
Native extension for WindowsStandalone target not found
Refreshing native plugins compatible for Editor in 0.48 ms, found 3 plugins.
Preloading 0 native plugins for Editor in 0.00 ms.
Mono: successfully reloaded assembly
- Completed reload, in  0.973 seconds
Platform modules already initialized, skipping
Refreshing native plugins compatible for Editor in 0.45 ms, found 3 plugins.
Preloading 0 native plugins for Editor in 0.00 ms.
Unloading 2367 Unused Serialized files (Serialized files now loaded: 0)
System memory in use before: 103.9 MB.
System memory in use after: 104.2 MB.

Unloading 18 unused Assets to reduce memory usage. Loaded Objects now: 2875.
Total: 2.489500 ms (FindLiveObjects: 0.393700 ms CreateObjectMapping: 0.188000 ms MarkObjects: 1.891700 ms  DeleteObjects: 0.014700 ms)

========================================================================
Received Prepare
Registering precompiled user dll's ...
Registered in 0.009107 seconds.
Begin MonoManager ReloadAssembly
Native extension for WindowsStandalone target not found
Refreshing native plugins compatible for Editor in 0.49 ms, found 3 plugins.
Preloading 0 native plugins for Editor in 0.00 ms.
Mono: successfully reloaded assembly
- Completed reload, in  0.989 seconds
Platform modules already initialized, skipping
Refreshing native plugins compatible for Editor in 0.50 ms, found 3 plugins.
Preloading 0 native plugins for Editor in 0.00 ms.
Unloading 2367 Unused Serialized files (Serialized files now loaded: 0)
System memory in use before: 104.1 MB.
System memory in use after: 104.3 MB.

Unloading 18 unused Assets to reduce memory usage. Loaded Objects now: 2878.
Total: 2.611700 ms (FindLiveObjects: 0.490500 ms CreateObjectMapping: 0.245600 ms MarkObjects: 1.862700 ms  DeleteObjects: 0.012200 ms)

========================================================================
Received Prepare
Registering precompiled user dll's ...
Registered in 0.007987 seconds.
Begin MonoManager ReloadAssembly
Native extension for WindowsStandalone target not found
Refreshing native plugins compatible for Editor in 0.44 ms, found 3 plugins.
Preloading 0 native plugins for Editor in 0.00 ms.
Mono: successfully reloaded assembly
- Completed reload, in  0.947 seconds
Platform modules already initialized, skipping
Refreshing native plugins compatible for Editor in 0.45 ms, found 3 plugins.
Preloading 0 native plugins for Editor in 0.00 ms.
Unloading 2367 Unused Serialized files (Serialized files now loaded: 0)
System memory in use before: 104.1 MB.
System memory in use after: 104.3 MB.

Unloading 18 unused Assets to reduce memory usage. Loaded Objects now: 2881.
Total: 2.455500 ms (FindLiveObjects: 0.241700 ms CreateObjectMapping: 0.100800 ms MarkObjects: 2.099900 ms  DeleteObjects: 0.012100 ms)

========================================================================
Received Prepare
Registering precompiled user dll's ...
Registered in 0.047468 seconds.
Begin MonoManager ReloadAssembly
Native extension for WindowsStandalone target not found
Refreshing native plugins compatible for Editor in 0.45 ms, found 3 plugins.
Preloading 0 native plugins for Editor in 0.00 ms.
Mono: successfully reloaded assembly
- Completed reload, in  0.919 seconds
Platform modules already initialized, skipping
Refreshing native plugins compatible for Editor in 0.46 ms, found 3 plugins.
Preloading 0 native plugins for Editor in 0.00 ms.
Unloading 2367 Unused Serialized files (Serialized files now loaded: 0)
System memory in use before: 104.1 MB.
System memory in use after: 104.3 MB.

Unloading 18 unused Assets to reduce memory usage. Loaded Objects now: 2884.
Total: 6.203600 ms (FindLiveObjects: 0.481000 ms CreateObjectMapping: 0.323200 ms MarkObjects: 5.355200 ms  DeleteObjects: 0.042200 ms)

========================================================================
Received Import Request.
  Time since last request: 719.485167 seconds.
  path: Assets/Scripts/Porteiro.cs
  artifactKey: Guid(6db819d0986de5d47adb7e35b4b69ec9) Importer(815301076,1909f56bfc062723c751e8b465ee728b)
Start importing Assets/Scripts/Porteiro.cs using Guid(6db819d0986de5d47adb7e35b4b69ec9) Importer(815301076,1909f56bfc062723c751e8b465ee728b)  -> (artifact id: '34d8940209a7644162defc0691a7f122') in 0.014302 seconds 
========================================================================
Received Prepare
Registering precompiled user dll's ...
Registered in 0.009076 seconds.
Begin MonoManager ReloadAssembly
Native extension for WindowsStandalone target not found
Refreshing native plugins compatible for Editor in 0.44 ms, found 3 plugins.
Preloading 0 native plugins for Editor in 0.00 ms.
Mono: successfully reloaded assembly
- Completed reload, in  0.954 seconds
Platform modules already initialized, skipping
Refreshing native plugins compatible for Editor in 0.43 ms, found 3 plugins.
Preloading 0 native plugins for Editor in 0.00 ms.
Unloading 2367 Unused Serialized files (Serialized files now loaded: 0)
System memory in use before: 104.1 MB.
System memory in use after: 104.3 MB.

Unloading 18 unused Assets to reduce memory usage. Loaded Objects now: 2887.
Total: 4.019500 ms (FindLiveObjects: 0.500100 ms CreateObjectMapping: 0.412300 ms MarkObjects: 3.091600 ms  DeleteObjects: 0.013200 ms)

========================================================================
Received Import Request.
  Time since last request: 174.085842 seconds.
  path: Assets/Scripts/Porteiro.cs
  artifactKey: Guid(6db819d0986de5d47adb7e35b4b69ec9) Importer(815301076,1909f56bfc062723c751e8b465ee728b)
Start importing Assets/Scripts/Porteiro.cs using Guid(6db819d0986de5d47adb7e35b4b69ec9) Importer(815301076,1909f56bfc062723c751e8b465ee728b)  -> (artifact id: 'f01cda5538b180e99c7ef1b28b4c2409') in 0.013555 seconds 
========================================================================
Received Prepare
Registering precompiled user dll's ...
Registered in 0.008897 seconds.
Begin MonoManager ReloadAssembly
Native extension for WindowsStandalone target not found
Refreshing native plugins compatible for Editor in 0.46 ms, found 3 plugins.
Preloading 0 native plugins for Editor in 0.00 ms.
Mono: successfully reloaded assembly
- Completed reload, in  0.968 seconds
Platform modules already initialized, skipping
Refreshing native plugins compatible for Editor in 0.53 ms, found 3 plugins.
Preloading 0 native plugins for Editor in 0.00 ms.
Unloading 2367 Unused Serialized files (Serialized files now loaded: 0)
System memory in use before: 104.0 MB.
System memory in use after: 104.2 MB.

Unloading 18 unused Assets to reduce memory usage. Loaded Objects now: 2890.
Total: 2.285900 ms (FindLiveObjects: 0.315900 ms CreateObjectMapping: 0.161400 ms MarkObjects: 1.794500 ms  DeleteObjects: 0.013000 ms)

========================================================================
Received Prepare
Registering precompiled user dll's ...
Registered in 0.007586 seconds.
Begin MonoManager ReloadAssembly
Native extension for WindowsStandalone target not found
Refreshing native plugins compatible for Editor in 0.47 ms, found 3 plugins.
Preloading 0 native plugins for Editor in 0.00 ms.
Mono: successfully reloaded assembly
- Completed reload, in  0.935 seconds
Platform modules already initialized, skipping
Refreshing native plugins compatible for Editor in 0.56 ms, found 3 plugins.
Preloading 0 native plugins for Editor in 0.00 ms.
Unloading 2367 Unused Serialized files (Serialized files now loaded: 0)
System memory in use before: 104.1 MB.
System memory in use after: 104.3 MB.

Unloading 18 unused Assets to reduce memory usage. Loaded Objects now: 2893.
Total: 6.404600 ms (FindLiveObjects: 0.486800 ms CreateObjectMapping: 0.334700 ms MarkObjects: 5.535800 ms  DeleteObjects: 0.045200 ms)

========================================================================
Received Prepare
Registering precompiled user dll's ...
Registered in 0.008161 seconds.
Begin MonoManager ReloadAssembly
Native extension for WindowsStandalone target not found
Refreshing native plugins compatible for Editor in 0.52 ms, found 3 plugins.
Preloading 0 native plugins for Editor in 0.00 ms.
Mono: successfully reloaded assembly
- Completed reload, in  0.978 seconds
Platform modules already initialized, skipping
Refreshing native plugins compatible for Editor in 0.50 ms, found 3 plugins.
Preloading 0 native plugins for Editor in 0.00 ms.
Unloading 2367 Unused Serialized files (Serialized files now loaded: 0)
System memory in use before: 104.1 MB.
System memory in use after: 104.3 MB.

Unloading 18 unused Assets to reduce memory usage. Loaded Objects now: 2896.
Total: 3.241300 ms (FindLiveObjects: 0.326400 ms CreateObjectMapping: 0.175700 ms MarkObjects: 2.714100 ms  DeleteObjects: 0.023400 ms)

========================================================================
Received Prepare
Registering precompiled user dll's ...
Registered in 0.007463 seconds.
Begin MonoManager ReloadAssembly
Native extension for WindowsStandalone target not found
Refreshing native plugins compatible for Editor in 0.45 ms, found 3 plugins.
Preloading 0 native plugins for Editor in 0.00 ms.
Mono: successfully reloaded assembly
- Completed reload, in  0.927 seconds
Platform modules already initialized, skipping
Refreshing native plugins compatible for Editor in 0.46 ms, found 3 plugins.
Preloading 0 native plugins for Editor in 0.00 ms.
Unloading 2367 Unused Serialized files (Serialized files now loaded: 0)
System memory in use before: 104.1 MB.
System memory in use after: 104.3 MB.

Unloading 18 unused Assets to reduce memory usage. Loaded Objects now: 2899.
Total: 1.985700 ms (FindLiveObjects: 0.177000 ms CreateObjectMapping: 0.089600 ms MarkObjects: 1.706400 ms  DeleteObjects: 0.012100 ms)

========================================================================
Received Prepare
Registering precompiled user dll's ...
Registered in 0.009197 seconds.
Begin MonoManager ReloadAssembly
Native extension for WindowsStandalone target not found
Refreshing native plugins compatible for Editor in 0.46 ms, found 3 plugins.
Preloading 0 native plugins for Editor in 0.00 ms.
Mono: successfully reloaded assembly
- Completed reload, in  0.971 seconds
Platform modules already initialized, skipping
Refreshing native plugins compatible for Editor in 0.47 ms, found 3 plugins.
Preloading 0 native plugins for Editor in 0.00 ms.
Unloading 2367 Unused Serialized files (Serialized files now loaded: 0)
System memory in use before: 104.1 MB.
System memory in use after: 104.3 MB.

Unloading 18 unused Assets to reduce memory usage. Loaded Objects now: 2902.
Total: 2.045300 ms (FindLiveObjects: 0.178900 ms CreateObjectMapping: 0.099500 ms MarkObjects: 1.754900 ms  DeleteObjects: 0.011400 ms)

========================================================================
Received Prepare
Registering precompiled user dll's ...
Registered in 0.009596 seconds.
Begin MonoManager ReloadAssembly
Native extension for WindowsStandalone target not found
Refreshing native plugins compatible for Editor in 0.53 ms, found 3 plugins.
Preloading 0 native plugins for Editor in 0.00 ms.
Mono: successfully reloaded assembly
- Completed reload, in  0.972 seconds
Platform modules already initialized, skipping
Refreshing native plugins compatible for Editor in 0.46 ms, found 3 plugins.
Preloading 0 native plugins for Editor in 0.00 ms.
Unloading 2367 Unused Serialized files (Serialized files now loaded: 0)
System memory in use before: 104.0 MB.
System memory in use after: 104.2 MB.

Unloading 18 unused Assets to reduce memory usage. Loaded Objects now: 2905.
Total: 3.034400 ms (FindLiveObjects: 0.408600 ms CreateObjectMapping: 0.249300 ms MarkObjects: 2.359900 ms  DeleteObjects: 0.015100 ms)

========================================================================
Received Prepare
Registering precompiled user dll's ...
Registered in 0.007971 seconds.
Begin MonoManager ReloadAssembly
Native extension for WindowsStandalone target not found
Refreshing native plugins compatible for Editor in 0.44 ms, found 3 plugins.
Preloading 0 native plugins for Editor in 0.00 ms.
Mono: successfully reloaded assembly
- Completed reload, in  0.961 seconds
Platform modules already initialized, skipping
Refreshing native plugins compatible for Editor in 0.58 ms, found 3 plugins.
Preloading 0 native plugins for Editor in 0.00 ms.
Unloading 2367 Unused Serialized files (Serialized files now loaded: 0)
System memory in use before: 104.1 MB.
System memory in use after: 104.3 MB.

Unloading 18 unused Assets to reduce memory usage. Loaded Objects now: 2908.
Total: 2.181200 ms (FindLiveObjects: 0.223900 ms CreateObjectMapping: 0.107200 ms MarkObjects: 1.836600 ms  DeleteObjects: 0.012400 ms)

========================================================================
Received Prepare
Registering precompiled user dll's ...
Registered in 0.008410 seconds.
Begin MonoManager ReloadAssembly
Native extension for WindowsStandalone target not found
Refreshing native plugins compatible for Editor in 0.45 ms, found 3 plugins.
Preloading 0 native plugins for Editor in 0.00 ms.
Mono: successfully reloaded assembly
- Completed reload, in  0.966 seconds
Platform modules already initialized, skipping
Refreshing native plugins compatible for Editor in 0.50 ms, found 3 plugins.
Preloading 0 native plugins for Editor in 0.00 ms.
Unloading 2367 Unused Serialized files (Serialized files now loaded: 0)
System memory in use before: 104.1 MB.
System memory in use after: 104.4 MB.

Unloading 18 unused Assets to reduce memory usage. Loaded Objects now: 2911.
Total: 2.813300 ms (FindLiveObjects: 0.290000 ms CreateObjectMapping: 0.130400 ms MarkObjects: 2.371100 ms  DeleteObjects: 0.020700 ms)

========================================================================
Received Prepare
Registering precompiled user dll's ...
Registered in 0.008576 seconds.
Begin MonoManager ReloadAssembly
Native extension for WindowsStandalone target not found
Refreshing native plugins compatible for Editor in 0.48 ms, found 3 plugins.
Preloading 0 native plugins for Editor in 0.00 ms.
Mono: successfully reloaded assembly
- Completed reload, in  0.978 seconds
Platform modules already initialized, skipping
Refreshing native plugins compatible for Editor in 0.48 ms, found 3 plugins.
Preloading 0 native plugins for Editor in 0.00 ms.
Unloading 2367 Unused Serialized files (Serialized files now loaded: 0)
System memory in use before: 104.1 MB.
System memory in use after: 104.4 MB.

Unloading 18 unused Assets to reduce memory usage. Loaded Objects now: 2914.
Total: 2.652800 ms (FindLiveObjects: 0.196300 ms CreateObjectMapping: 0.102500 ms MarkObjects: 2.319000 ms  DeleteObjects: 0.034200 ms)

========================================================================
Received Prepare
Registering precompiled user dll's ...
Registered in 0.009015 seconds.
Begin MonoManager ReloadAssembly
Native extension for WindowsStandalone target not found
Refreshing native plugins compatible for Editor in 0.44 ms, found 3 plugins.
Preloading 0 native plugins for Editor in 0.00 ms.
Mono: successfully reloaded assembly
- Completed reload, in  0.970 seconds
Platform modules already initialized, skipping
Refreshing native plugins compatible for Editor in 0.51 ms, found 3 plugins.
Preloading 0 native plugins for Editor in 0.00 ms.
Unloading 2367 Unused Serialized files (Serialized files now loaded: 0)
System memory in use before: 104.2 MB.
System memory in use after: 104.4 MB.

Unloading 18 unused Assets to reduce memory usage. Loaded Objects now: 2917.
Total: 2.516100 ms (FindLiveObjects: 0.279200 ms CreateObjectMapping: 0.130400 ms MarkObjects: 2.090900 ms  DeleteObjects: 0.014700 ms)

========================================================================
Received Prepare
Registering precompiled user dll's ...
Registered in 0.008005 seconds.
Begin MonoManager ReloadAssembly
Native extension for WindowsStandalone target not found
Refreshing native plugins compatible for Editor in 0.45 ms, found 3 plugins.
Preloading 0 native plugins for Editor in 0.00 ms.
Mono: successfully reloaded assembly
- Completed reload, in  0.929 seconds
Platform modules already initialized, skipping
Refreshing native plugins compatible for Editor in 0.50 ms, found 3 plugins.
Preloading 0 native plugins for Editor in 0.00 ms.
Unloading 2367 Unused Serialized files (Serialized files now loaded: 0)
System memory in use before: 104.1 MB.
System memory in use after: 104.3 MB.

Unloading 18 unused Assets to reduce memory usage. Loaded Objects now: 2920.
Total: 4.402800 ms (FindLiveObjects: 0.495400 ms CreateObjectMapping: 0.346900 ms MarkObjects: 3.545200 ms  DeleteObjects: 0.013800 ms)

========================================================================
Received Prepare
Registering precompiled user dll's ...
Registered in 0.009275 seconds.
Begin MonoManager ReloadAssembly
Native extension for WindowsStandalone target not found
Refreshing native plugins compatible for Editor in 0.45 ms, found 3 plugins.
Preloading 0 native plugins for Editor in 0.00 ms.
Mono: successfully reloaded assembly
- Completed reload, in  0.970 seconds
Platform modules already initialized, skipping
Refreshing native plugins compatible for Editor in 0.55 ms, found 3 plugins.
Preloading 0 native plugins for Editor in 0.00 ms.
Unloading 2367 Unused Serialized files (Serialized files now loaded: 0)
System memory in use before: 104.2 MB.
System memory in use after: 104.4 MB.

Unloading 18 unused Assets to reduce memory usage. Loaded Objects now: 2923.
Total: 2.569300 ms (FindLiveObjects: 0.353300 ms CreateObjectMapping: 0.169600 ms MarkObjects: 2.014300 ms  DeleteObjects: 0.013100 ms)

========================================================================
Received Prepare
Registering precompiled user dll's ...
Registered in 0.009530 seconds.
Begin MonoManager ReloadAssembly
Native extension for WindowsStandalone target not found
Refreshing native plugins compatible for Editor in 0.71 ms, found 3 plugins.
Preloading 0 native plugins for Editor in 0.00 ms.
Mono: successfully reloaded assembly
- Completed reload, in  0.954 seconds
Platform modules already initialized, skipping
Refreshing native plugins compatible for Editor in 0.41 ms, found 3 plugins.
Preloading 0 native plugins for Editor in 0.00 ms.
Unloading 2367 Unused Serialized files (Serialized files now loaded: 0)
System memory in use before: 104.2 MB.
System memory in use after: 104.4 MB.

Unloading 18 unused Assets to reduce memory usage. Loaded Objects now: 2926.
Total: 2.369400 ms (FindLiveObjects: 0.266600 ms CreateObjectMapping: 0.108100 ms MarkObjects: 1.981000 ms  DeleteObjects: 0.012800 ms)

========================================================================
Received Prepare
Registering precompiled user dll's ...
Registered in 0.008385 seconds.
Begin MonoManager ReloadAssembly
Native extension for WindowsStandalone target not found
Refreshing native plugins compatible for Editor in 0.45 ms, found 3 plugins.
Preloading 0 native plugins for Editor in 0.00 ms.
Mono: successfully reloaded assembly
- Completed reload, in  0.928 seconds
Platform modules already initialized, skipping
Refreshing native plugins compatible for Editor in 0.40 ms, found 3 plugins.
Preloading 0 native plugins for Editor in 0.00 ms.
Unloading 2367 Unused Serialized files (Serialized files now loaded: 0)
System memory in use before: 104.2 MB.
System memory in use after: 104.4 MB.

Unloading 18 unused Assets to reduce memory usage. Loaded Objects now: 2929.
Total: 2.978000 ms (FindLiveObjects: 0.506700 ms CreateObjectMapping: 0.330600 ms MarkObjects: 2.124500 ms  DeleteObjects: 0.015100 ms)

========================================================================
Received Prepare
Registering precompiled user dll's ...
Registered in 0.009231 seconds.
Begin MonoManager ReloadAssembly
Native extension for WindowsStandalone target not found
Refreshing native plugins compatible for Editor in 0.50 ms, found 3 plugins.
Preloading 0 native plugins for Editor in 0.00 ms.
Mono: successfully reloaded assembly
- Completed reload, in  0.964 seconds
Platform modules already initialized, skipping
Refreshing native plugins compatible for Editor in 0.55 ms, found 3 plugins.
Preloading 0 native plugins for Editor in 0.00 ms.
Unloading 2367 Unused Serialized files (Serialized files now loaded: 0)
System memory in use before: 104.2 MB.
System memory in use after: 104.4 MB.

Unloading 18 unused Assets to reduce memory usage. Loaded Objects now: 2932.
Total: 2.217400 ms (FindLiveObjects: 0.297200 ms CreateObjectMapping: 0.101800 ms MarkObjects: 1.804600 ms  DeleteObjects: 0.013000 ms)

========================================================================
Received Import Request.
  Time since last request: 1537.705072 seconds.
  path: Assets/Sprites/Inimigo
  artifactKey: Guid(fb1b011a49e62644aa9cc015d55bc950) Importer(815301076,1909f56bfc062723c751e8b465ee728b)
Start importing Assets/Sprites/Inimigo using Guid(fb1b011a49e62644aa9cc015d55bc950) Importer(815301076,1909f56bfc062723c751e8b465ee728b)  -> (artifact id: '1ead74d6eddbf35c964df377fa57bead') in 0.015000 seconds 
========================================================================
Received Import Request.
  Time since last request: 1.915450 seconds.
  path: Assets/Sprites/Inimigo/Run
  artifactKey: Guid(bf69c73fbade9394b99f8b0dbb208d3e) Importer(815301076,1909f56bfc062723c751e8b465ee728b)
Start importing Assets/Sprites/Inimigo/Run using Guid(bf69c73fbade9394b99f8b0dbb208d3e) Importer(815301076,1909f56bfc062723c751e8b465ee728b)  -> (artifact id: '5710188fbbcfe86194e8200642fa1313') in 0.011541 seconds 
========================================================================
Received Import Request.
  Time since last request: 0.045139 seconds.
  path: Assets/Sprites/Inimigo/Run/cafebot run patrulha1.png
  artifactKey: Guid(e05b6f88bfe783a46a7fe6f5332b9be4) Importer(815301076,1909f56bfc062723c751e8b465ee728b)
Start importing Assets/Sprites/Inimigo/Run/cafebot run patrulha1.png using Guid(e05b6f88bfe783a46a7fe6f5332b9be4) Importer(815301076,1909f56bfc062723c751e8b465ee728b)  -> (artifact id: '166c987f32ca197c3e279ea40c6f12cd') in 0.254770 seconds 
========================================================================
Received Import Request.
  Time since last request: 0.000184 seconds.
  path: Assets/Sprites/Inimigo/Run/cafebot run patrulha6.png
  artifactKey: Guid(aefcf1f4c5439024c8e7f151c4b8f3c9) Importer(815301076,1909f56bfc062723c751e8b465ee728b)
Start importing Assets/Sprites/Inimigo/Run/cafebot run patrulha6.png using Guid(aefcf1f4c5439024c8e7f151c4b8f3c9) Importer(815301076,1909f56bfc062723c751e8b465ee728b)  -> (artifact id: '69fbbe499d5b62664c7fec3f60d2b626') in 0.020232 seconds 
========================================================================
Received Import Request.
  Time since last request: 0.000156 seconds.
  path: Assets/Sprites/Inimigo/Run/cafebot run patrulha9.png
  artifactKey: Guid(2a26e6571bd3dc9428a263799f2c4eac) Importer(815301076,1909f56bfc062723c751e8b465ee728b)
Start importing Assets/Sprites/Inimigo/Run/cafebot run patrulha9.png using Guid(2a26e6571bd3dc9428a263799f2c4eac) Importer(815301076,1909f56bfc062723c751e8b465ee728b)  -> (artifact id: '1d8e4c2912be2359caa3c5d181186d3a') in 0.025111 seconds 
========================================================================
Received Import Request.
  Time since last request: 0.000107 seconds.
  path: Assets/Sprites/Inimigo/Run/cafebot run patrulha5.png
  artifactKey: Guid(c554d93ca44eea94ca86691bd1493015) Importer(815301076,1909f56bfc062723c751e8b465ee728b)
Start importing Assets/Sprites/Inimigo/Run/cafebot run patrulha5.png using Guid(c554d93ca44eea94ca86691bd1493015) Importer(815301076,1909f56bfc062723c751e8b465ee728b)  -> (artifact id: '6d726089ff9234ae4993dcb922aada84') in 0.021248 seconds 
========================================================================
Received Import Request.
  Time since last request: 0.000219 seconds.
  path: Assets/Sprites/Inimigo/Run/cafebot run patrulha3.png
  artifactKey: Guid(94e1203ee70fe1d42be9587b98c32651) Importer(815301076,1909f56bfc062723c751e8b465ee728b)
Start importing Assets/Sprites/Inimigo/Run/cafebot run patrulha3.png using Guid(94e1203ee70fe1d42be9587b98c32651) Importer(815301076,1909f56bfc062723c751e8b465ee728b)  -> (artifact id: '4de99d7c9fae71d9c12cc8871acb40d6') in 0.027664 seconds 
========================================================================
Received Import Request.
  Time since last request: 0.000106 seconds.
  path: Assets/Sprites/Inimigo/Run/cafebot run patrulha2.png
  artifactKey: Guid(898b530c52d91f04d84db79c5b02c671) Importer(815301076,1909f56bfc062723c751e8b465ee728b)
Start importing Assets/Sprites/Inimigo/Run/cafebot run patrulha2.png using Guid(898b530c52d91f04d84db79c5b02c671) Importer(815301076,1909f56bfc062723c751e8b465ee728b)  -> (artifact id: '6fe64add69249dde5dec0c413461df8c') in 0.029242 seconds 
========================================================================
Received Import Request.
  Time since last request: 0.000150 seconds.
  path: Assets/Sprites/Inimigo/Run/cafebot run patrulha4.png
  artifactKey: Guid(8e9d83fea08e5c04b99cc24d52966f1a) Importer(815301076,1909f56bfc062723c751e8b465ee728b)
Start importing Assets/Sprites/Inimigo/Run/cafebot run patrulha4.png using Guid(8e9d83fea08e5c04b99cc24d52966f1a) Importer(815301076,1909f56bfc062723c751e8b465ee728b)  -> (artifact id: '09d3fc311bf52485ddcc9f8281c2e25f') in 0.024273 seconds 
========================================================================
Received Import Request.
  Time since last request: 0.000112 seconds.
  path: Assets/Sprites/Inimigo/Run/cafebot run patrulha8.png
  artifactKey: Guid(7669aab631e5cba4aaa941d8d7c32555) Importer(815301076,1909f56bfc062723c751e8b465ee728b)
Start importing Assets/Sprites/Inimigo/Run/cafebot run patrulha8.png using Guid(7669aab631e5cba4aaa941d8d7c32555) Importer(815301076,1909f56bfc062723c751e8b465ee728b)  -> (artifact id: 'f701c2c849393fb517cd9768b4c14c8f') in 0.018742 seconds 
========================================================================
Received Import Request.
  Time since last request: 0.000140 seconds.
  path: Assets/Sprites/Inimigo/Run/cafebot run patrulha7.png
  artifactKey: Guid(e8c1e70f26691cd438f90f624aea3c37) Importer(815301076,1909f56bfc062723c751e8b465ee728b)
Start importing Assets/Sprites/Inimigo/Run/cafebot run patrulha7.png using Guid(e8c1e70f26691cd438f90f624aea3c37) Importer(815301076,1909f56bfc062723c751e8b465ee728b)  -> (artifact id: '6836f9e2c3c2f3711cd24fb597b35df6') in 0.023991 seconds 
========================================================================
Received Prepare
Registering precompiled user dll's ...
Registered in 0.009798 seconds.
Begin MonoManager ReloadAssembly
Native extension for WindowsStandalone target not found
Refreshing native plugins compatible for Editor in 0.53 ms, found 3 plugins.
Preloading 0 native plugins for Editor in 0.00 ms.
Mono: successfully reloaded assembly
- Completed reload, in  1.073 seconds
Platform modules already initialized, skipping
Refreshing native plugins compatible for Editor in 0.48 ms, found 3 plugins.
Preloading 0 native plugins for Editor in 0.00 ms.
Unloading 2376 Unused Serialized files (Serialized files now loaded: 0)
System memory in use before: 112.4 MB.
System memory in use after: 112.7 MB.

Unloading 18 unused Assets to reduce memory usage. Loaded Objects now: 3083.
Total: 5.777700 ms (FindLiveObjects: 0.434300 ms CreateObjectMapping: 0.269800 ms MarkObjects: 5.022200 ms  DeleteObjects: 0.049600 ms)

========================================================================
Received Import Request.
  Time since last request: 183.776396 seconds.
  path: Assets/Animations/Inimigo 1
  artifactKey: Guid(8d0eb9b95839f534da67d339da354878) Importer(815301076,1909f56bfc062723c751e8b465ee728b)
Start importing Assets/Animations/Inimigo 1 using Guid(8d0eb9b95839f534da67d339da354878) Importer(815301076,1909f56bfc062723c751e8b465ee728b)  -> (artifact id: '9635644a7f8fae88ae6bb2195d654fab') in 0.015330 seconds 
========================================================================
Received Import Request.
  Time since last request: 1.660136 seconds.
  path: Assets/Animations/Inimigo 1/CoffeBotChase.anim
  artifactKey: Guid(e1d644d5e86e0824e9b8f1f2260751bb) Importer(815301076,1909f56bfc062723c751e8b465ee728b)
Start importing Assets/Animations/Inimigo 1/CoffeBotChase.anim using Guid(e1d644d5e86e0824e9b8f1f2260751bb) Importer(815301076,1909f56bfc062723c751e8b465ee728b)  -> (artifact id: '797a12ec278534223e6ae80a593691e6') in 0.023583 seconds 
========================================================================
Received Import Request.
  Time since last request: 4.309221 seconds.
  path: Assets/Animations/Inimigo 1/DamageCoffeBot.anim
  artifactKey: Guid(8dcb84ebedea7c943acee7d3a8002476) Importer(815301076,1909f56bfc062723c751e8b465ee728b)
Start importing Assets/Animations/Inimigo 1/DamageCoffeBot.anim using Guid(8dcb84ebedea7c943acee7d3a8002476) Importer(815301076,1909f56bfc062723c751e8b465ee728b)  -> (artifact id: 'ae53f88c264a8384ca1d22800587c36d') in 0.016842 seconds 
========================================================================
Received Import Request.
  Time since last request: 1.506995 seconds.
  path: Assets/Animations/Inimigo 1/DeathCoffeBot.anim
  artifactKey: Guid(b8d5417ba7be9524dae31bf4c18ac042) Importer(815301076,1909f56bfc062723c751e8b465ee728b)
Start importing Assets/Animations/Inimigo 1/DeathCoffeBot.anim using Guid(b8d5417ba7be9524dae31bf4c18ac042) Importer(815301076,1909f56bfc062723c751e8b465ee728b)  -> (artifact id: 'a3562d52fe965006a0cff63bd3b59a19') in 0.016241 seconds 
========================================================================
Received Import Request.
  Time since last request: 1.283317 seconds.
  path: Assets/Animations/Inimigo 1/RunCoffeBot.anim
  artifactKey: Guid(1b7795141dce1834f8be96466bf966c5) Importer(815301076,1909f56bfc062723c751e8b465ee728b)
Start importing Assets/Animations/Inimigo 1/RunCoffeBot.anim using Guid(1b7795141dce1834f8be96466bf966c5) Importer(815301076,1909f56bfc062723c751e8b465ee728b)  -> (artifact id: '02e9ce5e60f36857a5f0e18fa8f46044') in 0.015729 seconds 
========================================================================
Received Import Request.
  Time since last request: 87.384876 seconds.
  path: Assets/Animator/Inimigo 1
  artifactKey: Guid(7ebc9c952a2cdcd458e067bb8f543c6d) Importer(815301076,1909f56bfc062723c751e8b465ee728b)
Start importing Assets/Animator/Inimigo 1 using Guid(7ebc9c952a2cdcd458e067bb8f543c6d) Importer(815301076,1909f56bfc062723c751e8b465ee728b)  -> (artifact id: '26fbda6d9d12b49f231f33d6d88e1a6b') in 0.011239 seconds 
========================================================================
Received Prepare
Registering precompiled user dll's ...
Registered in 0.008856 seconds.
Begin MonoManager ReloadAssembly
Native extension for WindowsStandalone target not found
Refreshing native plugins compatible for Editor in 0.47 ms, found 3 plugins.
Preloading 0 native plugins for Editor in 0.00 ms.
Mono: successfully reloaded assembly
- Completed reload, in  0.970 seconds
Platform modules already initialized, skipping
Refreshing native plugins compatible for Editor in 0.46 ms, found 3 plugins.
Preloading 0 native plugins for Editor in 0.00 ms.
Unloading 2367 Unused Serialized files (Serialized files now loaded: 0)
System memory in use before: 112.2 MB.
System memory in use after: 112.4 MB.

Unloading 18 unused Assets to reduce memory usage. Loaded Objects now: 3086.
Total: 2.452500 ms (FindLiveObjects: 0.409000 ms CreateObjectMapping: 0.196000 ms MarkObjects: 1.830200 ms  DeleteObjects: 0.016300 ms)

========================================================================
Received Prepare
Registering precompiled user dll's ...
Registered in 0.010077 seconds.
Begin MonoManager ReloadAssembly
Native extension for WindowsStandalone target not found
Refreshing native plugins compatible for Editor in 0.50 ms, found 3 plugins.
Preloading 0 native plugins for Editor in 0.00 ms.
Mono: successfully reloaded assembly
- Completed reload, in  0.965 seconds
Platform modules already initialized, skipping
Refreshing native plugins compatible for Editor in 0.48 ms, found 3 plugins.
Preloading 0 native plugins for Editor in 0.00 ms.
Unloading 2367 Unused Serialized files (Serialized files now loaded: 0)
System memory in use before: 112.2 MB.
System memory in use after: 112.5 MB.

Unloading 18 unused Assets to reduce memory usage. Loaded Objects now: 3089.
Total: 2.235800 ms (FindLiveObjects: 0.215400 ms CreateObjectMapping: 0.103900 ms MarkObjects: 1.902200 ms  DeleteObjects: 0.013600 ms)

========================================================================
Received Prepare
Registering precompiled user dll's ...
Registered in 0.008926 seconds.
Begin MonoManager ReloadAssembly
Native extension for WindowsStandalone target not found
Refreshing native plugins compatible for Editor in 0.45 ms, found 3 plugins.
Preloading 0 native plugins for Editor in 0.00 ms.
Mono: successfully reloaded assembly
- Completed reload, in  0.960 seconds
Platform modules already initialized, skipping
Refreshing native plugins compatible for Editor in 0.53 ms, found 3 plugins.
Preloading 0 native plugins for Editor in 0.00 ms.
Unloading 2367 Unused Serialized files (Serialized files now loaded: 0)
System memory in use before: 112.3 MB.
System memory in use after: 112.5 MB.

Unloading 18 unused Assets to reduce memory usage. Loaded Objects now: 3092.
Total: 3.138300 ms (FindLiveObjects: 0.405000 ms CreateObjectMapping: 0.181300 ms MarkObjects: 2.512000 ms  DeleteObjects: 0.039200 ms)

========================================================================
Received Prepare
Registering precompiled user dll's ...
Registered in 0.009687 seconds.
Begin MonoManager ReloadAssembly
Native extension for WindowsStandalone target not found
Refreshing native plugins compatible for Editor in 0.44 ms, found 3 plugins.
Preloading 0 native plugins for Editor in 0.00 ms.
Mono: successfully reloaded assembly
- Completed reload, in  0.988 seconds
Platform modules already initialized, skipping
Refreshing native plugins compatible for Editor in 0.49 ms, found 3 plugins.
Preloading 0 native plugins for Editor in 0.00 ms.
Unloading 2367 Unused Serialized files (Serialized files now loaded: 0)
System memory in use before: 112.3 MB.
System memory in use after: 112.5 MB.

Unloading 18 unused Assets to reduce memory usage. Loaded Objects now: 3095.
Total: 2.939100 ms (FindLiveObjects: 0.496300 ms CreateObjectMapping: 0.215600 ms MarkObjects: 2.207300 ms  DeleteObjects: 0.018700 ms)

========================================================================
Received Prepare
Registering precompiled user dll's ...
Registered in 0.009350 seconds.
Begin MonoManager ReloadAssembly
Native extension for WindowsStandalone target not found
Refreshing native plugins compatible for Editor in 0.61 ms, found 3 plugins.
Preloading 0 native plugins for Editor in 0.00 ms.
Mono: successfully reloaded assembly
- Completed reload, in  0.970 seconds
Platform modules already initialized, skipping
Refreshing native plugins compatible for Editor in 0.48 ms, found 3 plugins.
Preloading 0 native plugins for Editor in 0.00 ms.
Unloading 2367 Unused Serialized files (Serialized files now loaded: 0)
System memory in use before: 112.2 MB.
System memory in use after: 112.4 MB.

Unloading 18 unused Assets to reduce memory usage. Loaded Objects now: 3098.
Total: 2.907500 ms (FindLiveObjects: 0.348600 ms CreateObjectMapping: 0.266100 ms MarkObjects: 2.249600 ms  DeleteObjects: 0.042100 ms)

========================================================================
Received Prepare
Registering precompiled user dll's ...
Registered in 0.009822 seconds.
Begin MonoManager ReloadAssembly
Native extension for WindowsStandalone target not found
Refreshing native plugins compatible for Editor in 0.45 ms, found 3 plugins.
Preloading 0 native plugins for Editor in 0.00 ms.
Mono: successfully reloaded assembly
- Completed reload, in  0.993 seconds
Platform modules already initialized, skipping
Refreshing native plugins compatible for Editor in 0.51 ms, found 3 plugins.
Preloading 0 native plugins for Editor in 0.00 ms.
Unloading 2367 Unused Serialized files (Serialized files now loaded: 0)
System memory in use before: 112.3 MB.
System memory in use after: 112.5 MB.

Unloading 18 unused Assets to reduce memory usage. Loaded Objects now: 3101.
Total: 2.514900 ms (FindLiveObjects: 0.214600 ms CreateObjectMapping: 0.109500 ms MarkObjects: 2.173500 ms  DeleteObjects: 0.016800 ms)

========================================================================
Received Prepare
Registering precompiled user dll's ...
Registered in 0.008654 seconds.
Begin MonoManager ReloadAssembly
Native extension for WindowsStandalone target not found
Refreshing native plugins compatible for Editor in 0.46 ms, found 3 plugins.
Preloading 0 native plugins for Editor in 0.00 ms.
Mono: successfully reloaded assembly
- Completed reload, in  0.958 seconds
Platform modules already initialized, skipping
Refreshing native plugins compatible for Editor in 0.47 ms, found 3 plugins.
Preloading 0 native plugins for Editor in 0.00 ms.
Unloading 2367 Unused Serialized files (Serialized files now loaded: 0)
System memory in use before: 112.3 MB.
System memory in use after: 112.5 MB.

Unloading 18 unused Assets to reduce memory usage. Loaded Objects now: 3104.
Total: 2.782500 ms (FindLiveObjects: 0.374600 ms CreateObjectMapping: 0.121200 ms MarkObjects: 2.268500 ms  DeleteObjects: 0.017400 ms)

========================================================================
Received Import Request.
  Time since last request: 978.239972 seconds.
  path: Assets
  artifactKey: Guid(00000000000000001000000000000000) Importer(815301076,1909f56bfc062723c751e8b465ee728b)
Start importing Assets using Guid(00000000000000001000000000000000) Importer(815301076,1909f56bfc062723c751e8b465ee728b)  -> (artifact id: 'efcc68737208a1d7a8581e190ec11b99') in 0.016173 seconds 
========================================================================
Received Import Request.
  Time since last request: 84.971758 seconds.
  path: Assets/Scenes/Habilidades.unity
  artifactKey: Guid(09a83508f5b69ff479523106bd156ba8) Importer(815301076,1909f56bfc062723c751e8b465ee728b)
Start importing Assets/Scenes/Habilidades.unity using Guid(09a83508f5b69ff479523106bd156ba8) Importer(815301076,1909f56bfc062723c751e8b465ee728b)  -> (artifact id: '9812aaf42f2f03d1d0534c99c1834f74') in 0.018260 seconds 
========================================================================
Received Import Request.
  Time since last request: 682.134400 seconds.
  path: Assets/Prefabs
  artifactKey: Guid(d669713c2e0e0924aac9961ca3d0eeb1) Importer(815301076,1909f56bfc062723c751e8b465ee728b)
Start importing Assets/Prefabs using Guid(d669713c2e0e0924aac9961ca3d0eeb1) Importer(815301076,1909f56bfc062723c751e8b465ee728b)  -> (artifact id: '17494a2232e3ddfa20fbe3f459e7fc18') in 0.011292 seconds 
========================================================================
Received Import Request.
  Time since last request: 1.627291 seconds.
  path: Assets/Prefabs/Coletaveis
  artifactKey: Guid(61bfe2cac603d6446989179170f059aa) Importer(815301076,1909f56bfc062723c751e8b465ee728b)
Start importing Assets/Prefabs/Coletaveis using Guid(61bfe2cac603d6446989179170f059aa) Importer(815301076,1909f56bfc062723c751e8b465ee728b)  -> (artifact id: '6ba7f6d473cda9e7fe544784d432d272') in 0.011982 seconds 
AssetImportWorkerClient::OnTransportError - code=2 error=End of file
