
=== Thu Sep  8 13:32:59 2022

Packages were changed.
Update Mode: updateDependencies

The following packages were updated:
  com.unity.2d.animation from version 5.0.9 to 6.0.1
  com.unity.2d.pixel-perfect from version 4.0.1 to 5.0.0
  com.unity.2d.psdimporter from version 4.1.2 to 5.0.1
  com.unity.2d.spriteshape from version 5.1.5 to 6.0.0
  com.unity.cinemachine from version 2.6.11 to 2.7.3
  com.unity.ide.rider from version 2.0.7 to 3.0.5
  com.unity.timeline from version 1.4.8 to 1.5.4

=== Mon Sep 26 20:46:13 2022

Packages were changed.
Update Mode: updateDependencies

The following packages were updated:
  com.unity.2d.animation from version 6.0.1 to 7.0.7
  com.unity.2d.pixel-perfect from version 5.0.0 to 5.0.1
  com.unity.2d.psdimporter from version 5.0.1 to 6.0.5
  com.unity.2d.spriteshape from version 6.0.0 to 7.0.6
  com.unity.cinemachine from version 2.7.3 to 2.8.6
  com.unity.collab-proxy from version 1.15.1 to 1.17.2
  com.unity.ide.rider from version 3.0.5 to 3.0.15
  com.unity.ide.visualstudio from version 2.0.11 to 2.0.16
  com.unity.ide.vscode from version 1.2.4 to 1.2.5
  com.unity.test-framework from version 1.1.29 to 1.1.31
  com.unity.timeline from version 1.5.4 to 1.6.4
